<?xml version="1.0" encoding="UTF-8"?>
<!-- Generated by org.testng.reporters.JUnitXMLReporter -->
<testsuite ignored="0" hostname="DESKTOP-78J31B7" failures="1" tests="3" name="Android" time="92.586" errors="0" timestamp="2023-10-09T19:55:01 GST">
  <testcase classname="com.qa.tests.LoginTests" name="invalidUsername" time="14.417">
    <failure type="java.lang.AssertionError" message="expected [Username and password do not match any user in this service.] but found [Username and password do not match any user in this service.fffdfff]">
      <![CDATA[java.lang.AssertionError: expected [Username and password do not match any user in this service.] but found [Username and password do not match any user in this service.fffdfff]
at com.qa.tests.LoginTests.invalidUsername(LoginTests.java:73)
at java.base/java.util.ArrayList.forEach(ArrayList.java:1511)
... Removed 33 stack frames]]>
    </failure>
  </testcase> <!-- invalidUsername -->
  <testcase classname="com.qa.tests.LoginTests" name="invalidUserPassword" time="13.023"/>
  <testcase classname="com.qa.tests.LoginTests" name="successfulLogin" time="12.871"/>
</testsuite> <!-- Android -->
