<?xml version="1.0" encoding="UTF-8"?>
<!-- Generated by org.testng.reporters.JUnitXMLReporter -->
<testsuite ignored="2" hostname="DESKTOP-78J31B7" failures="0" tests="1" name="iOS" time="0.166" errors="0" timestamp="2023-10-05T16:29:23 GST">
  <testcase classname="com.qa.tests.LoginTests" name="invalidUsername" time="0.0">
    <skipped/>
  </testcase> <!-- invalidUsername -->
  <testcase classname="com.qa.tests.LoginTests" name="successfulLogin" time="0.0">
    <ignored/>
  </testcase> <!-- successfulLogin -->
  <testcase classname="com.qa.tests.LoginTests" name="invalidUserPassword" time="0.0">
    <ignored/>
  </testcase> <!-- invalidUserPassword -->
</testsuite> <!-- iOS -->
